C:\USERS\WIDHIAN\DOCUMENTS\VISUAL STUDIO 2012\PROJECTS\VCS\VCS\RELEASE\VCS.PCH
C:\USERS\WIDHIAN\DOCUMENTS\VISUAL STUDIO 2012\PROJECTS\VCS\VCS\RELEASE\STDAFX.OBJ
C:\USERS\WIDHIAN\DOCUMENTS\VISUAL STUDIO 2012\PROJECTS\VCS\VCS\RELEASE\VC110.PDB
C:\USERS\WIDHIAN\DOCUMENTS\VISUAL STUDIO 2012\PROJECTS\VCS\VCS\RELEASE\VCS.OBJ
C:\USERS\WIDHIAN\DOCUMENTS\VISUAL STUDIO 2012\PROJECTS\VCS\VCS\RELEASE\SHARE.OBJ
C:\USERS\WIDHIAN\DOCUMENTS\VISUAL STUDIO 2012\PROJECTS\VCS\VCS\RELEASE\CORE.OBJ
C:\USERS\WIDHIAN\DOCUMENTS\VISUAL STUDIO 2012\PROJECTS\VCS\RELEASE\VCS.EXE
C:\USERS\WIDHIAN\DOCUMENTS\VISUAL STUDIO 2012\PROJECTS\VCS\RELEASE\VCS.PDB
C:\Users\Widhian\documents\visual studio 2012\Projects\VCS\VCS\Release\Core.obj
C:\Users\Widhian\documents\visual studio 2012\Projects\VCS\VCS\Release\Share.obj
C:\Users\Widhian\documents\visual studio 2012\Projects\VCS\VCS\Release\stdafx.obj
C:\Users\Widhian\documents\visual studio 2012\Projects\VCS\VCS\Release\VCS.obj
C:\Users\Widhian\documents\visual studio 2012\Projects\VCS\VCS\Release\cl.command.1.tlog
C:\Users\Widhian\documents\visual studio 2012\Projects\VCS\VCS\Release\CL.read.1.tlog
C:\Users\Widhian\documents\visual studio 2012\Projects\VCS\VCS\Release\CL.write.1.tlog
C:\Users\Widhian\documents\visual studio 2012\Projects\VCS\VCS\Release\link-cvtres.read.1.tlog
C:\Users\Widhian\documents\visual studio 2012\Projects\VCS\VCS\Release\link-cvtres.write.1.tlog
C:\Users\Widhian\documents\visual studio 2012\Projects\VCS\VCS\Release\link-rc.read.1.tlog
C:\Users\Widhian\documents\visual studio 2012\Projects\VCS\VCS\Release\link-rc.write.1.tlog
C:\Users\Widhian\documents\visual studio 2012\Projects\VCS\VCS\Release\link.command.1.tlog
C:\Users\Widhian\documents\visual studio 2012\Projects\VCS\VCS\Release\link.read.1.tlog
C:\Users\Widhian\documents\visual studio 2012\Projects\VCS\VCS\Release\link.write.1.tlog
C:\Users\Widhian\documents\visual studio 2012\Projects\VCS\VCS\Release\VCS.pch
C:\Users\Widhian\documents\visual studio 2012\Projects\VCS\VCS\Release\vc110.pdb
C:\Users\Widhian\documents\visual studio 2012\Projects\VCS\Release\VCS.pdb
C:\Users\Widhian\documents\visual studio 2012\Projects\VCS\Release\VCS.exe
