  Core.cpp
c:\users\widhian\documents\visual studio 2012\projects\vcs\vcs\core.cpp(407): warning C4244: '=' : conversion from 'std::chrono::system_clock::rep' to 'unsigned int', possible loss of data
c:\users\widhian\documents\visual studio 2012\projects\vcs\vcs\core.cpp(464): warning C4244: 'argument' : conversion from 'float' to 'int', possible loss of data
c:\users\widhian\documents\visual studio 2012\projects\vcs\vcs\core.cpp(466): warning C4244: 'argument' : conversion from 'float' to 'int', possible loss of data
c:\users\widhian\documents\visual studio 2012\projects\vcs\vcs\core.cpp(473): warning C4244: 'argument' : conversion from 'float' to 'int', possible loss of data
c:\users\widhian\documents\visual studio 2012\projects\vcs\vcs\core.cpp(475): warning C4244: 'argument' : conversion from 'float' to 'int', possible loss of data
c:\users\widhian\documents\visual studio 2012\projects\vcs\vcs\core.cpp(634): warning C4244: 'argument' : conversion from 'float' to 'int', possible loss of data
c:\users\widhian\documents\visual studio 2012\projects\vcs\vcs\core.cpp(636): warning C4244: 'argument' : conversion from 'float' to 'int', possible loss of data
c:\users\widhian\documents\visual studio 2012\projects\vcs\vcs\core.cpp(1048): warning C4244: 'argument' : conversion from 'float' to 'int', possible loss of data
c:\users\widhian\documents\visual studio 2012\projects\vcs\vcs\core.cpp(1050): warning C4244: 'argument' : conversion from 'float' to 'int', possible loss of data
c:\users\widhian\documents\visual studio 2012\projects\vcs\vcs\core.cpp(1084): warning C4244: '=' : conversion from 'std::chrono::system_clock::rep' to 'unsigned int', possible loss of data
c:\users\widhian\documents\visual studio 2012\projects\vcs\vcs\core.cpp(1138): warning C4244: '=' : conversion from 'std::chrono::system_clock::rep' to 'unsigned int', possible loss of data
c:\users\widhian\documents\visual studio 2012\projects\vcs\vcs\core.cpp(1177): warning C4244: 'argument' : conversion from 'float' to 'int', possible loss of data
c:\users\widhian\documents\visual studio 2012\projects\vcs\vcs\core.cpp(1179): warning C4244: 'argument' : conversion from 'float' to 'int', possible loss of data
c:\users\widhian\documents\visual studio 2012\projects\vcs\vcs\core.cpp(1186): warning C4244: 'argument' : conversion from 'float' to 'int', possible loss of data
c:\users\widhian\documents\visual studio 2012\projects\vcs\vcs\core.cpp(1188): warning C4244: 'argument' : conversion from 'float' to 'int', possible loss of data
c:\users\widhian\documents\visual studio 2012\projects\vcs\vcs\core.cpp(1220): warning C4244: '=' : conversion from 'std::chrono::system_clock::rep' to 'unsigned int', possible loss of data
c:\users\widhian\documents\visual studio 2012\projects\vcs\vcs\core.cpp(1282): warning C4244: '=' : conversion from 'std::chrono::system_clock::rep' to 'unsigned int', possible loss of data
c:\users\widhian\documents\visual studio 2012\projects\vcs\vcs\core.cpp(1402): warning C4244: 'argument' : conversion from 'double' to 'mpir_ui', possible loss of data
c:\users\widhian\documents\visual studio 2012\projects\vcs\vcs\core.cpp(1599): warning C4244: '=' : conversion from 'double' to 'int', possible loss of data
c:\users\widhian\documents\visual studio 2012\projects\vcs\vcs\core.cpp(1600): warning C4244: '=' : conversion from 'double' to 'int', possible loss of data
c:\users\widhian\documents\visual studio 2012\projects\vcs\vcs\core.cpp(1601): warning C4244: '=' : conversion from 'double' to 'int', possible loss of data
c:\users\widhian\documents\visual studio 2012\projects\vcs\vcs\core.cpp(1602): warning C4244: '=' : conversion from 'double' to 'int', possible loss of data
c:\users\widhian\documents\visual studio 2012\projects\vcs\vcs\core.cpp(1603): warning C4244: '=' : conversion from 'double' to 'int', possible loss of data
c:\users\widhian\documents\visual studio 2012\projects\vcs\vcs\core.cpp(1619): warning C4244: '=' : conversion from 'float' to 'int', possible loss of data
c:\users\widhian\documents\visual studio 2012\projects\vcs\vcs\core.cpp(1623): warning C4244: 'initializing' : conversion from 'float' to 'int', possible loss of data
c:\users\widhian\documents\visual studio 2012\projects\vcs\vcs\core.cpp(1626): warning C4244: '=' : conversion from 'float' to 'int', possible loss of data
  cryptlib.lib(fipstest.obj) : MSIL .netmodule or module compiled with /GL found; restarting link with /LTCG; add /LTCG to the link command line to improve linker performance
LINK : warning LNK4075: ignoring '/INCREMENTAL' due to '/LTCG' specification
Core.obj : warning LNK4075: ignoring '/EDITANDCONTINUE' due to '/OPT:LBR' specification
cryptlib.lib(fipstest.obj) : error LNK2038: mismatch detected for 'RuntimeLibrary': value 'MTd_StaticDebug' doesn't match value 'MDd_DynamicDebug' in Core.obj
cryptlib.lib(pch.obj) : error LNK2038: mismatch detected for 'RuntimeLibrary': value 'MTd_StaticDebug' doesn't match value 'MDd_DynamicDebug' in Core.obj
cryptlib.lib(cryptlib.obj) : error LNK2038: mismatch detected for 'RuntimeLibrary': value 'MTd_StaticDebug' doesn't match value 'MDd_DynamicDebug' in Core.obj
cryptlib.lib(integer.obj) : error LNK2038: mismatch detected for 'RuntimeLibrary': value 'MTd_StaticDebug' doesn't match value 'MDd_DynamicDebug' in Core.obj
cryptlib.lib(modes.obj) : error LNK2038: mismatch detected for 'RuntimeLibrary': value 'MTd_StaticDebug' doesn't match value 'MDd_DynamicDebug' in Core.obj
cryptlib.lib(channels.obj) : error LNK2038: mismatch detected for 'RuntimeLibrary': value 'MTd_StaticDebug' doesn't match value 'MDd_DynamicDebug' in Core.obj
cryptlib.lib(dll.obj) : error LNK2038: mismatch detected for 'RuntimeLibrary': value 'MTd_StaticDebug' doesn't match value 'MDd_DynamicDebug' in Core.obj
cryptlib.lib(filters.obj) : error LNK2038: mismatch detected for 'RuntimeLibrary': value 'MTd_StaticDebug' doesn't match value 'MDd_DynamicDebug' in Core.obj
cryptlib.lib(queue.obj) : error LNK2038: mismatch detected for 'RuntimeLibrary': value 'MTd_StaticDebug' doesn't match value 'MDd_DynamicDebug' in Core.obj
cryptlib.lib(pubkey.obj) : error LNK2038: mismatch detected for 'RuntimeLibrary': value 'MTd_StaticDebug' doesn't match value 'MDd_DynamicDebug' in Core.obj
cryptlib.lib(sha.obj) : error LNK2038: mismatch detected for 'RuntimeLibrary': value 'MTd_StaticDebug' doesn't match value 'MDd_DynamicDebug' in Core.obj
cryptlib.lib(asn.obj) : error LNK2038: mismatch detected for 'RuntimeLibrary': value 'MTd_StaticDebug' doesn't match value 'MDd_DynamicDebug' in Core.obj
cryptlib.lib(gfpcrypt.obj) : error LNK2038: mismatch detected for 'RuntimeLibrary': value 'MTd_StaticDebug' doesn't match value 'MDd_DynamicDebug' in Core.obj
cryptlib.lib(gf2n.obj) : error LNK2038: mismatch detected for 'RuntimeLibrary': value 'MTd_StaticDebug' doesn't match value 'MDd_DynamicDebug' in Core.obj
cryptlib.lib(ec2n.obj) : error LNK2038: mismatch detected for 'RuntimeLibrary': value 'MTd_StaticDebug' doesn't match value 'MDd_DynamicDebug' in Core.obj
cryptlib.lib(ecp.obj) : error LNK2038: mismatch detected for 'RuntimeLibrary': value 'MTd_StaticDebug' doesn't match value 'MDd_DynamicDebug' in Core.obj
cryptlib.lib(files.obj) : error LNK2038: mismatch detected for 'RuntimeLibrary': value 'MTd_StaticDebug' doesn't match value 'MDd_DynamicDebug' in Core.obj
cryptlib.lib(basecode.obj) : error LNK2038: mismatch detected for 'RuntimeLibrary': value 'MTd_StaticDebug' doesn't match value 'MDd_DynamicDebug' in Core.obj
cryptlib.lib(hex.obj) : error LNK2038: mismatch detected for 'RuntimeLibrary': value 'MTd_StaticDebug' doesn't match value 'MDd_DynamicDebug' in Core.obj
cryptlib.lib(mqueue.obj) : error LNK2038: mismatch detected for 'RuntimeLibrary': value 'MTd_StaticDebug' doesn't match value 'MDd_DynamicDebug' in Core.obj
cryptlib.lib(randpool.obj) : error LNK2038: mismatch detected for 'RuntimeLibrary': value 'MTd_StaticDebug' doesn't match value 'MDd_DynamicDebug' in Core.obj
cryptlib.lib(rsa.obj) : error LNK2038: mismatch detected for 'RuntimeLibrary': value 'MTd_StaticDebug' doesn't match value 'MDd_DynamicDebug' in Core.obj
cryptlib.lib(misc.obj) : error LNK2038: mismatch detected for 'RuntimeLibrary': value 'MTd_StaticDebug' doesn't match value 'MDd_DynamicDebug' in Core.obj
cryptlib.lib(fips140.obj) : error LNK2038: mismatch detected for 'RuntimeLibrary': value 'MTd_StaticDebug' doesn't match value 'MDd_DynamicDebug' in Core.obj
cryptlib.lib(algparam.obj) : error LNK2038: mismatch detected for 'RuntimeLibrary': value 'MTd_StaticDebug' doesn't match value 'MDd_DynamicDebug' in Core.obj
cryptlib.lib(rijndael.obj) : error LNK2038: mismatch detected for 'RuntimeLibrary': value 'MTd_StaticDebug' doesn't match value 'MDd_DynamicDebug' in Core.obj
cryptlib.lib(des.obj) : error LNK2038: mismatch detected for 'RuntimeLibrary': value 'MTd_StaticDebug' doesn't match value 'MDd_DynamicDebug' in Core.obj
cryptlib.lib(iterhash.obj) : error LNK2038: mismatch detected for 'RuntimeLibrary': value 'MTd_StaticDebug' doesn't match value 'MDd_DynamicDebug' in Core.obj
cryptlib.lib(hmac.obj) : error LNK2038: mismatch detected for 'RuntimeLibrary': value 'MTd_StaticDebug' doesn't match value 'MDd_DynamicDebug' in Core.obj
cryptlib.lib(pkcspad.obj) : error LNK2038: mismatch detected for 'RuntimeLibrary': value 'MTd_StaticDebug' doesn't match value 'MDd_DynamicDebug' in Core.obj
cryptlib.lib(emsa2.obj) : error LNK2038: mismatch detected for 'RuntimeLibrary': value 'MTd_StaticDebug' doesn't match value 'MDd_DynamicDebug' in Core.obj
cryptlib.lib(pssr.obj) : error LNK2038: mismatch detected for 'RuntimeLibrary': value 'MTd_StaticDebug' doesn't match value 'MDd_DynamicDebug' in Core.obj
cryptlib.lib(skipjack.obj) : error LNK2038: mismatch detected for 'RuntimeLibrary': value 'MTd_StaticDebug' doesn't match value 'MDd_DynamicDebug' in Core.obj
cryptlib.lib(cpu.obj) : error LNK2038: mismatch detected for 'RuntimeLibrary': value 'MTd_StaticDebug' doesn't match value 'MDd_DynamicDebug' in Core.obj
cryptlib.lib(nbtheory.obj) : error LNK2038: mismatch detected for 'RuntimeLibrary': value 'MTd_StaticDebug' doesn't match value 'MDd_DynamicDebug' in Core.obj
cryptlib.lib(rng.obj) : error LNK2038: mismatch detected for 'RuntimeLibrary': value 'MTd_StaticDebug' doesn't match value 'MDd_DynamicDebug' in Core.obj
cryptlib.lib(osrng.obj) : error LNK2038: mismatch detected for 'RuntimeLibrary': value 'MTd_StaticDebug' doesn't match value 'MDd_DynamicDebug' in Core.obj
cryptlib.lib(hrtimer.obj) : error LNK2038: mismatch detected for 'RuntimeLibrary': value 'MTd_StaticDebug' doesn't match value 'MDd_DynamicDebug' in Core.obj
cryptlib.lib(oaep.obj) : error LNK2038: mismatch detected for 'RuntimeLibrary': value 'MTd_StaticDebug' doesn't match value 'MDd_DynamicDebug' in Core.obj
cryptlib.lib(rdtables.obj) : error LNK2038: mismatch detected for 'RuntimeLibrary': value 'MTd_StaticDebug' doesn't match value 'MDd_DynamicDebug' in Core.obj
cryptlib.lib(dessp.obj) : error LNK2038: mismatch detected for 'RuntimeLibrary': value 'MTd_StaticDebug' doesn't match value 'MDd_DynamicDebug' in Core.obj
libcpmtd.lib(locale0.obj) : error LNK2038: mismatch detected for 'RuntimeLibrary': value 'MTd_StaticDebug' doesn't match value 'MDd_DynamicDebug' in Core.obj
libcpmtd.lib(ios.obj) : error LNK2038: mismatch detected for 'RuntimeLibrary': value 'MTd_StaticDebug' doesn't match value 'MDd_DynamicDebug' in Core.obj
libcpmtd.lib(iosptrs.obj) : error LNK2038: mismatch detected for 'RuntimeLibrary': value 'MTd_StaticDebug' doesn't match value 'MDd_DynamicDebug' in Core.obj
libcpmtd.lib(locale.obj) : error LNK2038: mismatch detected for 'RuntimeLibrary': value 'MTd_StaticDebug' doesn't match value 'MDd_DynamicDebug' in Core.obj
libcpmtd.lib(xlock.obj) : error LNK2038: mismatch detected for 'RuntimeLibrary': value 'MTd_StaticDebug' doesn't match value 'MDd_DynamicDebug' in Core.obj
libcpmtd.lib(xthrow.obj) : error LNK2038: mismatch detected for 'RuntimeLibrary': value 'MTd_StaticDebug' doesn't match value 'MDd_DynamicDebug' in Core.obj
libcpmtd.lib(xdebug.obj) : error LNK2038: mismatch detected for 'RuntimeLibrary': value 'MTd_StaticDebug' doesn't match value 'MDd_DynamicDebug' in Core.obj
libcpmtd.lib(wlocale.obj) : error LNK2038: mismatch detected for 'RuntimeLibrary': value 'MTd_StaticDebug' doesn't match value 'MDd_DynamicDebug' in Core.obj
libcpmtd.lib(xlocale.obj) : error LNK2038: mismatch detected for 'RuntimeLibrary': value 'MTd_StaticDebug' doesn't match value 'MDd_DynamicDebug' in Core.obj
libcpmtd.lib(xdateord.obj) : error LNK2038: mismatch detected for 'RuntimeLibrary': value 'MTd_StaticDebug' doesn't match value 'MDd_DynamicDebug' in Core.obj
LINK : warning LNK4098: defaultlib 'LIBCMTD' conflicts with use of other libs; use /NODEFAULTLIB:library
C:\Users\Widhian\documents\visual studio 2012\Projects\VCS\Debug\VCS.exe : fatal error LNK1319: 51 mismatches detected
